2024-10-18 16:14:28,976 - INFO - Starting processing of 50809 files using 23 CPU cores
2024-10-18 16:15:17,824 - ERROR - Error processing file ./assets/all\all_1072748.0_20200721.nc: [Errno -51] NetCDF: Unknown file format: './assets/all\\all_1072748.0_20200721.nc'
2024-10-18 16:15:27,318 - ERROR - Error processing file ./assets/all\all_109026.0_20020221.nc: [Errno -51] NetCDF: Unknown file format: './assets/all\\all_109026.0_20020221.nc'
2024-10-18 16:15:27,318 - ERROR - Error processing file ./assets/all\all_109030.0_20020223.nc: [Errno -51] NetCDF: Unknown file format: './assets/all\\all_109030.0_20020223.nc'
2024-10-18 16:15:27,319 - ERROR - Error processing file ./assets/all\all_109035.0_20020209.nc: [Errno -51] NetCDF: Unknown file format: './assets/all\\all_109035.0_20020209.nc'
2024-10-18 16:15:27,319 - ERROR - Error processing file ./assets/all\all_109040.0_20020220.nc: [Errno -51] NetCDF: Unknown file format: './assets/all\\all_109040.0_20020220.nc'
2024-10-18 16:15:27,319 - ERROR - Error processing file ./assets/all\all_109062.0_20020223.nc: [Errno -51] NetCDF: Unknown file format: './assets/all\\all_109062.0_20020223.nc'
2024-10-18 16:15:27,355 - ERROR - Error processing file ./assets/all\all_109071.0_20020219.nc: [Errno -51] NetCDF: Unknown file format: './assets/all\\all_109071.0_20020219.nc'
2024-10-18 16:15:27,355 - ERROR - Error processing file ./assets/all\all_109085.0_20020227.nc: [Errno -51] NetCDF: Unknown file format: './assets/all\\all_109085.0_20020227.nc'
2024-10-18 16:15:27,355 - ERROR - Error processing file ./assets/all\all_109088.0_20020210.nc: [Errno -51] NetCDF: Unknown file format: './assets/all\\all_109088.0_20020210.nc'
2024-10-18 16:15:27,356 - ERROR - Error processing file ./assets/all\all_109224.0_20020218.nc: [Errno -51] NetCDF: Unknown file format: './assets/all\\all_109224.0_20020218.nc'
2024-10-18 16:15:27,356 - ERROR - Error processing file ./assets/all\all_109225.0_20020223.nc: [Errno -51] NetCDF: Unknown file format: './assets/all\\all_109225.0_20020223.nc'
2024-10-18 16:15:27,356 - ERROR - Error processing file ./assets/all\all_109226.0_20020210.nc: [Errno -51] NetCDF: Unknown file format: './assets/all\\all_109226.0_20020210.nc'
2024-10-18 16:15:48,791 - ERROR - Error processing file ./assets/all\all_116345.0_20170829.nc: [Errno -51] NetCDF: Unknown file format: './assets/all\\all_116345.0_20170829.nc'
2024-10-18 16:15:57,377 - ERROR - Error processing file ./assets/all\all_116912.0_20170828.nc: [Errno -51] NetCDF: Unknown file format: './assets/all\\all_116912.0_20170828.nc'
2024-10-18 16:15:57,550 - ERROR - Error processing file ./assets/all\all_116920.0_20170831.nc: [Errno -51] NetCDF: Unknown file format: './assets/all\\all_116920.0_20170831.nc'
2024-10-18 16:16:21,837 - ERROR - Error processing file ./assets/all\all_128819.0_20060710.nc: [Errno -51] NetCDF: Unknown file format: './assets/all\\all_128819.0_20060710.nc'
2024-10-18 16:16:27,973 - ERROR - Error processing file ./assets/all\all_129128.0_20060711.nc: [Errno -51] NetCDF: Unknown file format: './assets/all\\all_129128.0_20060711.nc'
2024-10-18 16:16:28,193 - ERROR - Error processing file ./assets/all\all_129135.0_20060707.nc: [Errno -51] NetCDF: Unknown file format: './assets/all\\all_129135.0_20060707.nc'
2024-10-18 16:16:32,589 - ERROR - Error processing file ./assets/all\all_130905.0_20020310.nc: [Errno -51] NetCDF: Unknown file format: './assets/all\\all_130905.0_20020310.nc'
2024-10-18 16:16:32,599 - ERROR - Error processing file ./assets/all\all_130906.0_20020310.nc: 'hgt'
2024-10-18 16:16:32,623 - ERROR - Error processing file ./assets/all\all_130907.0_20020301.nc: 'hgt'
2024-10-18 16:16:36,102 - ERROR - Error processing file ./assets/all\all_131193.0_20020302.nc: [Errno -51] NetCDF: Unknown file format: './assets/all\\all_131193.0_20020302.nc'
2024-10-18 16:16:36,113 - ERROR - Error processing file ./assets/all\all_131194.0_20020309.nc: [Errno -51] NetCDF: Unknown file format: './assets/all\\all_131194.0_20020309.nc'
2024-10-18 16:16:36,123 - ERROR - Error processing file ./assets/all\all_131195.0_20020314.nc: [Errno -51] NetCDF: Unknown file format: './assets/all\\all_131195.0_20020314.nc'
2024-10-18 16:16:36,327 - ERROR - Error processing file ./assets/all\all_131198.0_20020315.nc: [Errno -51] NetCDF: Unknown file format: './assets/all\\all_131198.0_20020315.nc'
2024-10-18 16:16:36,327 - ERROR - Error processing file ./assets/all\all_131199.0_20020313.nc: [Errno -51] NetCDF: Unknown file format: './assets/all\\all_131199.0_20020313.nc'
2024-10-18 16:16:36,328 - ERROR - Error processing file ./assets/all\all_131201.0_20020303.nc: [Errno -51] NetCDF: Unknown file format: './assets/all\\all_131201.0_20020303.nc'
2024-10-18 16:16:39,094 - ERROR - Error processing file ./assets/all\all_131560.0_20020312.nc: [Errno -51] NetCDF: Unknown file format: './assets/all\\all_131560.0_20020312.nc'
2024-10-18 16:16:39,094 - ERROR - Error processing file ./assets/all\all_131561.0_20020310.nc: [Errno -51] NetCDF: Unknown file format: './assets/all\\all_131561.0_20020310.nc'
2024-10-18 16:16:39,101 - ERROR - Error processing file ./assets/all\all_131562.0_20020312.nc: 'hgt'
2024-10-18 16:16:39,107 - ERROR - Error processing file ./assets/all\all_131563.0_20020315.nc: 'hgt'
2024-10-18 16:16:48,660 - ERROR - Error processing file ./assets/all\all_149937.0_20020330.nc: [Errno -51] NetCDF: Unknown file format: './assets/all\\all_149937.0_20020330.nc'
2024-10-18 16:16:48,678 - ERROR - Error processing file ./assets/all\all_149953.0_20020324.nc: [Errno -51] NetCDF: Unknown file format: './assets/all\\all_149953.0_20020324.nc'
2024-10-18 16:16:48,678 - ERROR - Error processing file ./assets/all\all_149954.0_20020305.nc: [Errno -51] NetCDF: Unknown file format: './assets/all\\all_149954.0_20020305.nc'
2024-10-18 16:16:48,678 - ERROR - Error processing file ./assets/all\all_149955.0_20020324.nc: [Errno -51] NetCDF: Unknown file format: './assets/all\\all_149955.0_20020324.nc'
2024-10-18 16:16:48,765 - ERROR - Error processing file ./assets/all\all_150430.0_20020317.nc: [Errno -51] NetCDF: Unknown file format: './assets/all\\all_150430.0_20020317.nc'
2024-10-18 16:16:48,765 - ERROR - Error processing file ./assets/all\all_150431.0_20020324.nc: [Errno -51] NetCDF: Unknown file format: './assets/all\\all_150431.0_20020324.nc'
2024-10-18 16:16:48,766 - ERROR - Error processing file ./assets/all\all_150432.0_20020322.nc: [Errno -51] NetCDF: Unknown file format: './assets/all\\all_150432.0_20020322.nc'
2024-10-18 16:16:48,766 - ERROR - Error processing file ./assets/all\all_150433.0_20020330.nc: [Errno -51] NetCDF: Unknown file format: './assets/all\\all_150433.0_20020330.nc'
2024-10-18 16:16:48,766 - ERROR - Error processing file ./assets/all\all_150434.0_20020322.nc: [Errno -51] NetCDF: Unknown file format: './assets/all\\all_150434.0_20020322.nc'
2024-10-18 16:16:48,766 - ERROR - Error processing file ./assets/all\all_150435.0_20020317.nc: [Errno -51] NetCDF: Unknown file format: './assets/all\\all_150435.0_20020317.nc'
2024-10-18 16:16:48,767 - ERROR - Error processing file ./assets/all\all_150436.0_20020323.nc: [Errno -51] NetCDF: Unknown file format: './assets/all\\all_150436.0_20020323.nc'
2024-10-18 16:16:48,767 - ERROR - Error processing file ./assets/all\all_150437.0_20020323.nc: [Errno -51] NetCDF: Unknown file format: './assets/all\\all_150437.0_20020323.nc'
2024-10-18 16:16:48,846 - ERROR - Error processing file ./assets/all\all_150439.0_20020324.nc: [Errno -51] NetCDF: Unknown file format: './assets/all\\all_150439.0_20020324.nc'
2024-10-18 16:16:48,846 - ERROR - Error processing file ./assets/all\all_150440.0_20020330.nc: [Errno -51] NetCDF: Unknown file format: './assets/all\\all_150440.0_20020330.nc'
2024-10-18 16:16:48,846 - ERROR - Error processing file ./assets/all\all_150441.0_20020319.nc: [Errno -51] NetCDF: Unknown file format: './assets/all\\all_150441.0_20020319.nc'
2024-10-18 16:16:48,847 - ERROR - Error processing file ./assets/all\all_150442.0_20020320.nc: [Errno -51] NetCDF: Unknown file format: './assets/all\\all_150442.0_20020320.nc'
2024-10-18 16:16:48,847 - ERROR - Error processing file ./assets/all\all_150443.0_20020323.nc: [Errno -51] NetCDF: Unknown file format: './assets/all\\all_150443.0_20020323.nc'
2024-10-18 16:16:48,847 - ERROR - Error processing file ./assets/all\all_150444.0_20020331.nc: [Errno -51] NetCDF: Unknown file format: './assets/all\\all_150444.0_20020331.nc'
2024-10-18 16:16:48,847 - ERROR - Error processing file ./assets/all\all_150445.0_20020331.nc: [Errno -51] NetCDF: Unknown file format: './assets/all\\all_150445.0_20020331.nc'
2024-10-18 16:16:48,848 - ERROR - Error processing file ./assets/all\all_150446.0_20020320.nc: [Errno -51] NetCDF: Unknown file format: './assets/all\\all_150446.0_20020320.nc'
2024-10-18 16:16:48,848 - ERROR - Error processing file ./assets/all\all_150447.0_20020330.nc: [Errno -51] NetCDF: Unknown file format: './assets/all\\all_150447.0_20020330.nc'
2024-10-18 16:16:48,907 - ERROR - Error processing file ./assets/all\all_150450.0_20020324.nc: [Errno -51] NetCDF: Unknown file format: './assets/all\\all_150450.0_20020324.nc'
2024-10-18 16:16:48,907 - ERROR - Error processing file ./assets/all\all_150451.0_20020331.nc: [Errno -51] NetCDF: Unknown file format: './assets/all\\all_150451.0_20020331.nc'
2024-10-18 16:16:48,907 - ERROR - Error processing file ./assets/all\all_150452.0_20020320.nc: [Errno -51] NetCDF: Unknown file format: './assets/all\\all_150452.0_20020320.nc'
2024-10-18 16:16:48,907 - ERROR - Error processing file ./assets/all\all_150453.0_20020315.nc: [Errno -51] NetCDF: Unknown file format: './assets/all\\all_150453.0_20020315.nc'
2024-10-18 16:16:48,908 - ERROR - Error processing file ./assets/all\all_150454.0_20020323.nc: [Errno -51] NetCDF: Unknown file format: './assets/all\\all_150454.0_20020323.nc'
2024-10-18 16:16:48,908 - ERROR - Error processing file ./assets/all\all_150455.0_20020322.nc: [Errno -51] NetCDF: Unknown file format: './assets/all\\all_150455.0_20020322.nc'
2024-10-18 16:16:48,908 - ERROR - Error processing file ./assets/all\all_150456.0_20020313.nc: [Errno -51] NetCDF: Unknown file format: './assets/all\\all_150456.0_20020313.nc'
2024-10-18 16:16:48,908 - ERROR - Error processing file ./assets/all\all_150457.0_20020323.nc: [Errno -51] NetCDF: Unknown file format: './assets/all\\all_150457.0_20020323.nc'
2024-10-18 16:16:48,908 - ERROR - Error processing file ./assets/all\all_150458.0_20020317.nc: [Errno -51] NetCDF: Unknown file format: './assets/all\\all_150458.0_20020317.nc'
2024-10-18 16:16:49,101 - ERROR - Error processing file ./assets/all\all_151583.0_20020320.nc: [Errno -51] NetCDF: Unknown file format: './assets/all\\all_151583.0_20020320.nc'
2024-10-18 16:16:49,101 - ERROR - Error processing file ./assets/all\all_151590.0_20020331.nc: [Errno -51] NetCDF: Unknown file format: './assets/all\\all_151590.0_20020331.nc'
2024-10-18 16:16:49,102 - ERROR - Error processing file ./assets/all\all_151593.0_20020320.nc: [Errno -51] NetCDF: Unknown file format: './assets/all\\all_151593.0_20020320.nc'
2024-10-18 16:16:49,102 - ERROR - Error processing file ./assets/all\all_151594.0_20020321.nc: [Errno -51] NetCDF: Unknown file format: './assets/all\\all_151594.0_20020321.nc'
2024-10-18 16:17:07,255 - ERROR - Error processing file ./assets/all\all_17.0_20020110.nc: [Errno -51] NetCDF: Unknown file format: './assets/all\\all_17.0_20020110.nc'
2024-10-18 16:17:33,575 - ERROR - Error processing file ./assets/all\all_18.0_20020111.nc: [Errno -51] NetCDF: Unknown file format: './assets/all\\all_18.0_20020111.nc'
2024-10-18 16:18:17,480 - ERROR - Error processing file ./assets/all\all_19.0_20020108.nc: [Errno -51] NetCDF: Unknown file format: './assets/all\\all_19.0_20020108.nc'
2024-10-18 16:19:39,049 - ERROR - Error processing file ./assets/all\all_248132.0_20170830.nc: [Errno -51] NetCDF: Unknown file format: './assets/all\\all_248132.0_20170830.nc'
2024-10-18 16:19:59,441 - ERROR - Error processing file ./assets/all\all_252753.0_20110411.nc: [Errno -51] NetCDF: Unknown file format: './assets/all\\all_252753.0_20110411.nc'
2024-10-18 16:20:12,836 - ERROR - Error processing file ./assets/all\all_263949.0_20200823.nc: [Errno -51] NetCDF: Unknown file format: './assets/all\\all_263949.0_20200823.nc'
2024-10-18 16:20:34,695 - ERROR - Error processing file ./assets/all\all_265149.0_20200912.nc: [Errno -51] NetCDF: Unknown file format: './assets/all\\all_265149.0_20200912.nc'
2024-10-18 16:21:00,001 - ERROR - Error processing file ./assets/all\all_282859.0_20110506.nc: [Errno -51] NetCDF: Unknown file format: './assets/all\\all_282859.0_20110506.nc'
2024-10-18 16:21:31,916 - ERROR - Error processing file ./assets/all\all_303707.0_20020529.nc: [Errno -51] NetCDF: Unknown file format: './assets/all\\all_303707.0_20020529.nc'
2024-10-18 16:23:20,516 - ERROR - Error processing file ./assets/all\all_35173.0_20060624.nc: [Errno -51] NetCDF: Unknown file format: './assets/all\\all_35173.0_20060624.nc'
2024-10-18 16:23:31,563 - ERROR - Error processing file ./assets/all\all_358274.0_20060902.nc: [Errno -51] NetCDF: Unknown file format: './assets/all\\all_358274.0_20060902.nc'
2024-10-18 16:23:37,826 - ERROR - Error processing file ./assets/all\all_360453.0_20180508.nc: [Errno -51] NetCDF: Unknown file format: './assets/all\\all_360453.0_20180508.nc'
2024-10-18 16:23:42,449 - ERROR - Error processing file ./assets/all\all_362406.0_20210517.nc: [Errno -51] NetCDF: Unknown file format: './assets/all\\all_362406.0_20210517.nc'
2024-10-18 16:24:10,758 - ERROR - Error processing file ./assets/all\all_383310.0_20110619.nc: [Errno -51] NetCDF: Unknown file format: './assets/all\\all_383310.0_20110619.nc'
2024-10-18 16:25:13,221 - ERROR - Error processing file ./assets/all\all_415625.0_20180629.nc: [Errno -51] NetCDF: Unknown file format: './assets/all\\all_415625.0_20180629.nc'
2024-10-18 16:25:14,383 - ERROR - Error processing file ./assets/all\all_415709.0_20180621.nc: [Errno -51] NetCDF: Unknown file format: './assets/all\\all_415709.0_20180621.nc'
2024-10-18 16:25:15,140 - ERROR - Error processing file ./assets/all\all_415731.0_20180626.nc: [Errno -51] NetCDF: Unknown file format: './assets/all\\all_415731.0_20180626.nc'
2024-10-18 16:25:36,540 - ERROR - Error processing file ./assets/all\all_424924.0_20020711.nc: [Errno -51] NetCDF: Unknown file format: './assets/all\\all_424924.0_20020711.nc'
2024-10-18 16:26:15,605 - ERROR - Error processing file ./assets/all\all_429609.0_20120609.nc: [Errno -51] NetCDF: Unknown file format: './assets/all\\all_429609.0_20120609.nc'
2024-10-18 16:26:16,332 - ERROR - Error processing file ./assets/all\all_429634.0_20120625.nc: [Errno -51] NetCDF: Unknown file format: './assets/all\\all_429634.0_20120625.nc'
2024-10-18 16:26:19,622 - ERROR - Error processing file ./assets/all\all_429749.0_20120625.nc: [Errno -51] NetCDF: Unknown file format: './assets/all\\all_429749.0_20120625.nc'
2024-10-18 16:27:07,967 - ERROR - Error processing file ./assets/all\all_455954.0_20210707.nc: [Errno -51] NetCDF: Unknown file format: './assets/all\\all_455954.0_20210707.nc'
2024-10-18 16:27:11,565 - ERROR - Error processing file ./assets/all\all_456091.0_20030616.nc: [Errno -51] NetCDF: Unknown file format: './assets/all\\all_456091.0_20030616.nc'
2024-10-18 16:27:11,811 - ERROR - Error processing file ./assets/all\all_456105.0_20030628.nc: [Errno -51] NetCDF: Unknown file format: './assets/all\\all_456105.0_20030628.nc'
2024-10-18 16:27:16,716 - ERROR - Error processing file ./assets/all\all_45798.0_20020117.nc: [Errno -51] NetCDF: Unknown file format: './assets/all\\all_45798.0_20020117.nc'
2024-10-18 16:29:00,904 - ERROR - Error processing file ./assets/all\all_502822.0_20180712.nc: [Errno -51] NetCDF: Unknown file format: './assets/all\\all_502822.0_20180712.nc'
2024-10-18 16:29:03,299 - ERROR - Error processing file ./assets/all\all_502922.0_20180723.nc: [Errno -51] NetCDF: Unknown file format: './assets/all\\all_502922.0_20180723.nc'
2024-10-18 16:29:06,877 - ERROR - Error processing file ./assets/all\all_504868.0_20150727.nc: [Errno -51] NetCDF: Unknown file format: './assets/all\\all_504868.0_20150727.nc'
2024-10-18 16:29:10,092 - ERROR - Error processing file ./assets/all\all_505428.0_20150813.nc: [Errno -51] NetCDF: Unknown file format: './assets/all\\all_505428.0_20150813.nc'
2024-10-18 16:29:12,731 - ERROR - Error processing file ./assets/all\all_505492.0_20150810.nc: [Errno -51] NetCDF: Unknown file format: './assets/all\\all_505492.0_20150810.nc'
2024-10-18 16:30:14,997 - ERROR - Error processing file ./assets/all\all_538082.0_20230730.nc: [Errno -51] NetCDF: Unknown file format: './assets/all\\all_538082.0_20230730.nc'
2024-10-18 16:31:31,201 - ERROR - Error processing file ./assets/all\all_559866.0_20180807.nc: [Errno -51] NetCDF: Unknown file format: './assets/all\\all_559866.0_20180807.nc'
2024-10-18 16:31:47,502 - ERROR - Error processing file ./assets/all\all_569336.0_20070714.nc: [Errno -51] NetCDF: Unknown file format: './assets/all\\all_569336.0_20070714.nc'
2024-10-18 16:31:58,320 - ERROR - Error processing file ./assets/all\all_572626.0_20210803.nc: [Errno -51] NetCDF: Unknown file format: './assets/all\\all_572626.0_20210803.nc'
2024-10-18 16:32:55,084 - ERROR - Error processing file ./assets/all\all_599515.0_20120806.nc: [Errno -51] NetCDF: Unknown file format: './assets/all\\all_599515.0_20120806.nc'
2024-10-18 16:32:57,730 - ERROR - Error processing file ./assets/all\all_599658.0_20120801.nc: [Errno -51] NetCDF: Unknown file format: './assets/all\\all_599658.0_20120801.nc'
2024-10-18 16:34:43,020 - ERROR - Error processing file ./assets/all\all_642233.0_20230813.nc: [Errno -51] NetCDF: Unknown file format: './assets/all\\all_642233.0_20230813.nc'
2024-10-18 16:35:01,059 - ERROR - Error processing file ./assets/all\all_643269.0_20130806.nc: [Errno -51] NetCDF: Unknown file format: './assets/all\\all_643269.0_20130806.nc'
2024-10-18 16:36:07,313 - ERROR - Error processing file ./assets/all\all_663425.0_20120806.nc: [Errno -51] NetCDF: Unknown file format: './assets/all\\all_663425.0_20120806.nc'
2024-10-18 16:36:07,583 - ERROR - Error processing file ./assets/all\all_663437.0_20120803.nc: [Errno -51] NetCDF: Unknown file format: './assets/all\\all_663437.0_20120803.nc'
2024-10-18 16:36:09,932 - ERROR - Error processing file ./assets/all\all_663526.0_20120828.nc: [Errno -51] NetCDF: Unknown file format: './assets/all\\all_663526.0_20120828.nc'
2024-10-18 16:36:14,983 - ERROR - Error processing file ./assets/all\all_664004.0_20090809.nc: [Errno -51] NetCDF: Unknown file format: './assets/all\\all_664004.0_20090809.nc'
2024-10-18 16:36:51,641 - ERROR - Error processing file ./assets/all\all_678329.0_20210906.nc: [Errno -51] NetCDF: Unknown file format: './assets/all\\all_678329.0_20210906.nc'
2024-10-18 16:36:54,148 - ERROR - Error processing file ./assets/all\all_678393.0_20210906.nc: [Errno -51] NetCDF: Unknown file format: './assets/all\\all_678393.0_20210906.nc'
2024-10-18 16:37:21,875 - ERROR - Error processing file ./assets/all\all_689235.0_20030817.nc: [Errno -51] NetCDF: Unknown file format: './assets/all\\all_689235.0_20030817.nc'
2024-10-18 16:38:04,505 - ERROR - Error processing file ./assets/all\all_694962.0_20080825.nc: [Errno -51] NetCDF: Unknown file format: './assets/all\\all_694962.0_20080825.nc'
2024-10-18 16:38:39,217 - ERROR - Error processing file ./assets/all\all_715407.0_20191022.nc: [Errno -51] NetCDF: Unknown file format: './assets/all\\all_715407.0_20191022.nc'
2024-10-18 16:38:51,590 - ERROR - Error processing file ./assets/all\all_720396.0_20070814.nc: [Errno -51] NetCDF: Unknown file format: './assets/all\\all_720396.0_20070814.nc'
2024-10-18 16:38:58,144 - ERROR - Error processing file ./assets/all\all_720614.0_20070801.nc: [Errno -51] NetCDF: Unknown file format: './assets/all\\all_720614.0_20070801.nc'
2024-10-18 16:39:04,159 - ERROR - Error processing file ./assets/all\all_726633.0_20140809.nc: [Errno -51] NetCDF: Unknown file format: './assets/all\\all_726633.0_20140809.nc'
2024-10-18 16:39:05,994 - ERROR - Error processing file ./assets/all\all_727092.0_20140912.nc: [Errno -51] NetCDF: Unknown file format: './assets/all\\all_727092.0_20140912.nc'
2024-10-18 16:39:56,990 - ERROR - Error processing file ./assets/all\all_746711.0_20180808.nc: [Errno -51] NetCDF: Unknown file format: './assets/all\\all_746711.0_20180808.nc'
2024-10-18 16:42:00,529 - ERROR - Error processing file ./assets/all\all_78962.0_20020206.nc: [Errno -51] NetCDF: Unknown file format: './assets/all\\all_78962.0_20020206.nc'
2024-10-18 16:42:00,529 - ERROR - Error processing file ./assets/all\all_78963.0_20020201.nc: [Errno -51] NetCDF: Unknown file format: './assets/all\\all_78963.0_20020201.nc'
2024-10-18 16:42:00,529 - ERROR - Error processing file ./assets/all\all_78964.0_20020203.nc: [Errno -51] NetCDF: Unknown file format: './assets/all\\all_78964.0_20020203.nc'
2024-10-18 16:42:00,614 - ERROR - Error processing file ./assets/all\all_78967.0_20020202.nc: [Errno -51] NetCDF: Unknown file format: './assets/all\\all_78967.0_20020202.nc'
2024-10-18 16:42:00,615 - ERROR - Error processing file ./assets/all\all_78969.0_20020210.nc: [Errno -51] NetCDF: Unknown file format: './assets/all\\all_78969.0_20020210.nc'
2024-10-18 16:42:01,595 - ERROR - Error processing file ./assets/all\all_79049.0_20020212.nc: [Errno -51] NetCDF: Unknown file format: './assets/all\\all_79049.0_20020212.nc'
2024-10-18 16:42:01,595 - ERROR - Error processing file ./assets/all\all_79050.0_20020210.nc: [Errno -51] NetCDF: Unknown file format: './assets/all\\all_79050.0_20020210.nc'
2024-10-18 16:46:23,953 - ERROR - Error processing file ./assets/all\all_908752.0_20181107.nc: [Errno -51] NetCDF: Unknown file format: './assets/all\\all_908752.0_20181107.nc'
2024-10-18 16:47:24,272 - ERROR - Error processing file ./assets/all\all_953021.0_20031022.nc: [Errno -51] NetCDF: Unknown file format: './assets/all\\all_953021.0_20031022.nc'
2024-10-18 16:47:51,527 - ERROR - Error processing file ./assets/all\all_972126.0_20170702.nc: [Errno -51] NetCDF: Unknown file format: './assets/all\\all_972126.0_20170702.nc'
2024-10-18 16:48:05,900 - ERROR - Error processing file ./assets/all\all_976094.0_20071015.nc: [Errno -51] NetCDF: Unknown file format: './assets/all\\all_976094.0_20071015.nc'
2024-10-18 16:48:17,388 - INFO - Finished processing. 50681 files processed successfully.
2024-10-18 16:49:59,419 - INFO - Merging complete. Final output: merged_data.csv
